<?xml version="1.0" encoding="UTF-8"?>
<testng-results ignored="0" total="1" passed="1" failed="0" skipped="0">
  <reporter-output>
  </reporter-output>
  <suite started-at="2022-12-04T07:15:13Z" name="Default suite" finished-at="2022-12-04T07:15:16Z" duration-ms="3086">
    <groups>
    </groups>
    <test started-at="2022-12-04T07:15:13Z" name="Default test" finished-at="2022-12-04T07:15:16Z" duration-ms="3086">
      <class name="restGitHub.createRepo">
        <test-method signature="test1()[pri:0, instance:restGitHub.createRepo@14f9390f]" started-at="2022-12-04T07:15:13Z" name="test1" finished-at="2022-12-04T07:15:16Z" duration-ms="3067" status="PASS">
          <reporter-output>
          </reporter-output>
        </test-method> <!-- test1 -->
      </class> <!-- restGitHub.createRepo -->
    </test> <!-- Default test -->
  </suite> <!-- Default suite -->
</testng-results>
